<?xml version="1.0" encoding="UTF-8"?>
<!-- Generated by org.testng.reporters.JUnitReportReporter -->
<testsuite hostname="asda1704po02529" name="test.AppTest" tests="2" failures="0" timestamp="27 Jun 2018 09:08:23 GMT" time="2.470" errors="0">
  <testcase name="SecondPage" time="2.312" classname="test.AppTest"/>
  <testcase name="firstPage" time="0.158" classname="test.AppTest"/>
</testsuite> <!-- test.AppTest -->
